2025-12-12 22:14:23,783 [INFO] rex_main.whisper_worker: Loaded WhisperModel 'small.en' on cuda [float16]
2025-12-12 22:14:23,784 [INFO] rex_main.matcher: dispatch_command started - awaiting recognized text
2025-12-12 22:14:39,642 [INFO] rex_main.vad_stream: SileroVAD → flushing utterance: 20 frames (~0.64 s)
2025-12-12 22:14:40,558 [INFO] rex_main.matcher: Matched command 'stop_music'
2025-12-12 22:14:49,904 [INFO] rex_main.vad_stream: SileroVAD → flushing utterance: 8 frames (~0.26 s)
2025-12-12 22:14:54,945 [INFO] rex_main.vad_stream: SileroVAD → flushing utterance: 14 frames (~0.45 s)
2025-12-12 22:14:57,524 [INFO] rex_main.vad_stream: SileroVAD → flushing utterance: 20 frames (~0.64 s)
2025-12-12 22:14:57,758 [INFO] rex_main.matcher: Matched command 'play_music'
2025-12-12 22:15:04,681 [INFO] rex_main.vad_stream: SileroVAD → flushing utterance: 11 frames (~0.35 s)
2025-12-12 22:15:09,810 [INFO] rex_main.vad_stream: SileroVAD → flushing utterance: 22 frames (~0.70 s)
2025-12-12 22:15:41,425 [INFO] rex_main.vad_stream: SileroVAD → flushing utterance: 29 frames (~0.93 s)
2025-12-12 22:16:09,536 [INFO] rex_main.vad_stream: SileroVAD → flushing utterance: 23 frames (~0.74 s)
2025-12-12 22:16:13,346 [INFO] rex_main.vad_stream: SileroVAD → flushing utterance: 24 frames (~0.77 s)
2025-12-12 22:16:19,200 [INFO] rex_main.vad_stream: SileroVAD → flushing utterance: 19 frames (~0.61 s)
2025-12-12 22:16:19,519 [INFO] rex_main.matcher: Matched command 'volume_up'
2025-12-12 22:16:22,573 [INFO] rex_main.vad_stream: SileroVAD → flushing utterance: 31 frames (~0.99 s)
2025-12-12 22:16:22,884 [INFO] rex_main.matcher: Matched command 'volume_down'
2025-12-12 22:16:14,635 [INFO] rex_main.vad_stream: SileroVAD → flushing utterance: 31 frames (~0.99 s)
2025-12-12 22:16:14,835 [INFO] rex_main.matcher: Matched command 'volume_down'
2025-12-12 22:16:27,551 [INFO] rex_main.vad_stream: SileroVAD → flushing utterance: 26 frames (~0.83 s)
2025-12-12 22:16:33,845 [INFO] rex_main.vad_stream: SileroVAD → flushing utterance: 30 frames (~0.96 s)
2025-12-12 22:16:34,095 [INFO] rex_main.matcher: Matched command 'set_volume'
2025-12-12 22:16:43,496 [INFO] rex_main.vad_stream: SileroVAD → flushing utterance: 39 frames (~1.25 s)
2025-12-12 22:16:43,902 [INFO] rex_main.matcher: Matched command 'set_volume'
2025-12-12 22:29:32,504 [INFO] rex_main.vad_stream: SileroVAD → flushing utterance: 14 frames (~0.45 s)
2025-12-12 22:29:32,752 [INFO] rex_main.matcher: Matched command 'next_track'
2025-12-12 22:29:37,335 [INFO] rex_main.vad_stream: SileroVAD → flushing utterance: 27 frames (~0.86 s)
2025-12-12 22:29:37,704 [INFO] rex_main.matcher: Matched command 'set_volume'
2025-12-12 22:29:44,977 [INFO] rex_main.vad_stream: SileroVAD → flushing utterance: 22 frames (~0.70 s)
2025-12-12 22:29:50,246 [INFO] rex_main.vad_stream: SileroVAD → flushing utterance: 29 frames (~0.93 s)
2025-12-12 22:29:50,545 [INFO] rex_main.matcher: Matched command 'set_volume'
2025-12-12 22:29:57,766 [INFO] rex_main.vad_stream: SileroVAD → flushing utterance: 32 frames (~1.02 s)
2025-12-12 22:29:58,161 [INFO] rex_main.matcher: Matched command 'so_sad'
2025-12-12 22:29:58,168 [INFO] rex_main.commands: YTMD playing videoId FdMG84qN_98
2025-12-12 22:30:03,074 [INFO] rex_main.vad_stream: SileroVAD → flushing utterance: 42 frames (~1.34 s)
2025-12-12 22:30:08,430 [INFO] rex_main.vad_stream: SileroVAD → flushing utterance: 19 frames (~0.61 s)
2025-12-12 22:30:18,430 [INFO] rex_main.vad_stream: SileroVAD → flushing utterance: 9 frames (~0.29 s)
2025-12-12 22:31:05,685 [INFO] rex_main.vad_stream: SileroVAD → flushing utterance: 14 frames (~0.45 s)
2025-12-12 22:31:06,068 [INFO] rex_main.matcher: Matched command 'play_music'
2025-12-12 22:31:22,546 [INFO] rex_main.vad_stream: SileroVAD → flushing utterance: 15 frames (~0.48 s)
2025-12-12 22:31:22,913 [INFO] rex_main.matcher: Matched command 'current_track_info'
2025-12-12 22:31:22,913 [ERROR] rex_main.matcher: Handler 'current_track_info' not found in commands.py
2025-12-12 22:32:05,343 [INFO] rex_main.vad_stream: SileroVAD → flushing utterance: 28 frames (~0.90 s)
2025-12-12 22:32:05,638 [INFO] rex_main.matcher: Matched command 'search_song'
2025-12-12 22:32:06,749 [INFO] rex_main.commands: YTMD playing videoId rZjpsT7VgNU
2025-12-12 22:32:17,235 [INFO] rex_main.vad_stream: SileroVAD → flushing utterance: 55 frames (~1.76 s)
2025-12-12 22:32:17,475 [INFO] rex_main.matcher: Matched command 'search_song'
2025-12-12 22:32:18,374 [INFO] rex_main.commands: YTMD playing videoId wZPOUR3A24k
2025-12-12 22:32:26,662 [INFO] rex_main.vad_stream: SileroVAD → flushing utterance: 23 frames (~0.74 s)
2025-12-12 22:32:26,930 [INFO] rex_main.matcher: Matched command 'set_volume'
2025-12-12 22:32:30,000 [INFO] rex_main.vad_stream: SileroVAD → flushing utterance: 14 frames (~0.45 s)
2025-12-12 22:38:14,917 [INFO] rex_main.vad_stream: SileroVAD → flushing utterance: 12 frames (~0.38 s)
2025-12-12 22:38:15,189 [INFO] rex_main.matcher: Matched command 'next_track'
2025-12-12 22:48:46,492 [INFO] rex_main.vad_stream: SileroVAD → flushing utterance: 13 frames (~0.42 s)
2025-12-12 22:48:46,796 [INFO] rex_main.matcher: Matched command 'stop_music'
2025-12-12 22:56:51,979 [INFO] rex_main.vad_stream: SileroVAD → flushing utterance: 129 frames (~4.13 s)
2025-12-12 22:56:58,958 [INFO] rex_main.vad_stream: SileroVAD → flushing utterance: 147 frames (~4.70 s)
2025-12-12 22:57:01,936 [INFO] rex_main.vad_stream: SileroVAD → flushing utterance: 62 frames (~1.98 s)
2025-12-12 23:03:35,174 [INFO] rex_main.vad_stream: SileroVAD → flushing utterance: 153 frames (~4.90 s)
2025-12-12 23:03:39,004 [INFO] rex_main.vad_stream: SileroVAD → flushing utterance: 22 frames (~0.70 s)
